This is XeTeX, Version 3.14159265-2.6-0.999991 (TeX Live 2019/Debian) (preloaded format=xelatex 2020.4.25)  29 DEC 2020 17:20
entering extended mode
 restricted \write18 enabled.
 %&-line parsing enabled.
**Readme.tex
(./Readme.tex
LaTeX2e <2020-02-02> patch level 2
L3 programming layer <2020-02-14>
(/usr/share/texlive/texmf-dist/tex/latex/base/article.cls
Document Class: article 2019/12/20 v1.4l Standard LaTeX document class
(/usr/share/texlive/texmf-dist/tex/latex/base/size12.clo
File: size12.clo 2019/12/20 v1.4l Standard LaTeX file (size option)
)
\c@part=\count163
\c@section=\count164
\c@subsection=\count165
\c@subsubsection=\count166
\c@paragraph=\count167
\c@subparagraph=\count168
\c@figure=\count169
\c@table=\count170
\abovecaptionskip=\skip47
\belowcaptionskip=\skip48
\bibindent=\dimen134
)
(/usr/share/texlive/texmf-dist/tex/latex/l3backend/l3backend-xdvipdfmx.def
File: l3backend-xdvipdfmx.def 2020-02-03 L3 backend support: xdvipdfmx
\g__graphics_track_int=\count171
\l__pdf_internal_box=\box45
\g__pdf_backend_object_int=\count172
\g__pdf_backend_annotation_int=\count173
)
(./Readme.aux)
\openout1 = `Readme.aux'.

LaTeX Font Info:    Checking defaults for OML/cmm/m/it on input line 10.
LaTeX Font Info:    ... okay on input line 10.
LaTeX Font Info:    Checking defaults for OMS/cmsy/m/n on input line 10.
LaTeX Font Info:    ... okay on input line 10.
LaTeX Font Info:    Checking defaults for OT1/cmr/m/n on input line 10.
LaTeX Font Info:    ... okay on input line 10.
LaTeX Font Info:    Checking defaults for T1/cmr/m/n on input line 10.
LaTeX Font Info:    ... okay on input line 10.
LaTeX Font Info:    Checking defaults for TS1/cmr/m/n on input line 10.
LaTeX Font Info:    Trying to load font information for TS1+cmr on input line 1
0.
 (/usr/share/texlive/texmf-dist/tex/latex/base/ts1cmr.fd
File: ts1cmr.fd 2019/12/16 v2.5j Standard LaTeX font definitions
)
LaTeX Font Info:    ... okay on input line 10.
LaTeX Font Info:    Checking defaults for TU/lmr/m/n on input line 10.
LaTeX Font Info:    ... okay on input line 10.
LaTeX Font Info:    Checking defaults for OMX/cmex/m/n on input line 10.
LaTeX Font Info:    ... okay on input line 10.
LaTeX Font Info:    Checking defaults for U/cmr/m/n on input line 10.
LaTeX Font Info:    ... okay on input line 10.
LaTeX Font Info:    External font `cmex10' loaded for size
(Font)              <14.4> on input line 11.
LaTeX Font Info:    External font `cmex10' loaded for size
(Font)              <7> on input line 11.

Overfull \hbox (14.93733pt too wide) in paragraph at lines 14--18
\TU/lmr/m/n/12 Use \TU/lmtt/m/n/12 python ./hash.py <password file> \TU/lmr/m/n
/12 to create \TU/lmtt/m/n/12 ./Dictionary.txt\TU/lmr/m/n/12 . Then,
 []


Overfull \hbox (65.06618pt too wide) in paragraph at lines 14--18
\TU/lmr/m/n/12 write the results in \TU/lmtt/m/n/12 ./results_pa2.txt\TU/lmr/m/
n/12 . Alternatively, use \TU/lmtt/m/n/12 python ./manual_search.py
 []


Overfull \hbox (3.41339pt too wide) in paragraph at lines 21--25
\TU/lmr/m/n/12 search for a given hash value is defined in \TU/lmtt/m/n/12 ./se
arch.py\TU/lmr/m/n/12 . \TU/lmtt/m/n/12 ./manual_search.py
 []

[1

] (./Readme.aux) ) 
Here is how much of TeX's memory you used:
 424 strings out of 481301
 8137 string characters out of 5924272
 244297 words of memory out of 5000000
 17532 multiletter control sequences out of 15000+600000
 533307 words of font info for 34 fonts, out of 8000000 for 9000
 286 hyphenation exceptions out of 8191
 24i,7n,21p,150b,242s stack positions out of 5000i,500n,10000p,200000b,80000s

Output written on Readme.pdf (1 page).
